[2025-06-18 21:35:59] Sender besked: âŒ Bot FEJLEDE under kÃ¸rsel: evaluate_strategies() got an unexpected keyword argument 'ml_signals'
[2025-06-18 21:35:59] Besked sendt OK.
[2025-06-18 21:39:34] Sender besked: âœ… Backtest for BTC afsluttet!
Mode: Weighted voting
Weights: [1.9637144743512338, 0.3169664184031755, 1.702941580715635]
Threshold: 0.7261630981110665
Profit: 0.68% | Win-rate: 50.0% | Trades: 13

ğŸ“Š Strategi-score:
ML:    {'profit_pct': np.float64(-0.27), 'win_rate': np.float64(0.4615), 'drawdown_pct': np.float64(-0.97), 'num_trades': 28}
RSI:   {'profit_pct': np.float64(-0.82), 'win_rate': np.float64(0.6364), 'drawdown_pct': np.float64(-0.82), 'num_trades': 22}
MACD:  {'profit_pct': np.float64(0.38), 'win_rate': np.float64(0.4375), 'drawdown_pct': np.float64(-1.19), 'num_trades': 34}
Ensemble: {'profit_pct': np.float64(0.68), 'win_rate': np.float64(0.5), 'drawdown_pct': np.float64(-0.9), 'num_trades': 26}

[2025-06-18 21:39:34] Besked sendt OK.
[2025-06-18 21:39:34] Sender billede: graphs/btc_balance_20250607.png (caption: ğŸ“ˆ Balanceudvikling for BTC)
[2025-06-18 21:39:34] Billede sendt OK.
[2025-06-18 21:39:34] Sender billede: graphs/btc_drawdown_2025-06-07.png (caption: ğŸ“‰ Drawdown for BTC)
[2025-06-18 21:39:34] Billede sendt OK.
[2025-06-18 21:39:34] Sender billede: graphs/strategy_scores_20250618_213932.png (caption: ğŸ“Š Strategi-score ML/RSI/MACD/Ensemble)
[2025-06-18 21:39:35] Billede sendt OK.
[2025-06-18 21:39:35] Sender besked: âœ… Bot kÃ¸rte OK og lavede backup: backups\2025-06-18\backup_21-39-35
[2025-06-18 21:39:35] Besked sendt OK.
[2025-06-19 00:19:31] Sender besked: âŒ Bot FEJLEDE under kÃ¸rsel: Cannot cast array data from dtype('O') to dtype('float64') according to the rule 'safe'
[2025-06-19 00:19:31] Besked sendt OK.
[2025-06-19 00:32:47] Sender besked: âŒ Bot FEJLEDE under kÃ¸rsel: The truth value of a Series is ambiguous. Use a.empty, a.bool(), a.item(), a.any() or a.all().
[2025-06-19 00:32:47] Besked sendt OK.
[2025-06-20 17:41:08] Sender besked: âŒ Bot FEJLEDE under kÃ¸rsel: The truth value of a Series is ambiguous. Use a.empty, a.bool(), a.item(), a.any() or a.all().
[2025-06-20 17:41:08] Besked sendt OK.
[2025-06-20 21:09:53] Sender besked: âŒ Bot FEJLEDE under kÃ¸rsel: The truth value of a Series is ambiguous. Use a.empty, a.bool(), a.item(), a.any() or a.all().
[2025-06-20 21:09:53] Besked sendt OK.
[2025-06-20 21:17:55] Sender besked: âŒ Bot FEJLEDE under kÃ¸rsel: Multi-dimensional indexing (e.g. `obj[:, None]`) is no longer supported. Convert to a numpy array before indexing instead.
[2025-06-20 21:17:56] Besked sendt OK.
[2025-06-20 21:24:15] Sender besked: âŒ Bot FEJLEDE under kÃ¸rsel: Multi-dimensional indexing (e.g. `obj[:, None]`) is no longer supported. Convert to a numpy array before indexing instead.
[2025-06-20 21:24:15] Besked sendt OK.
[2025-06-20 21:29:15] Sender besked: âŒ Bot FEJLEDE under kÃ¸rsel: Multi-dimensional indexing (e.g. `obj[:, None]`) is no longer supported. Convert to a numpy array before indexing instead.
[2025-06-20 21:29:15] Besked sendt OK.
[2025-06-20 21:35:21] Sender besked: âŒ Bot FEJLEDE under kÃ¸rsel: Multi-dimensional indexing (e.g. `obj[:, None]`) is no longer supported. Convert to a numpy array before indexing instead.
[2025-06-20 21:35:21] Besked sendt OK.
[2025-06-20 21:53:10] Sender besked: âŒ Bot FEJLEDE under kÃ¸rsel: unhashable type: 'numpy.ndarray'
[2025-06-20 21:53:10] Besked sendt OK.
[2025-06-20 22:02:46] Sender besked: âŒ Bot FEJLEDE under kÃ¸rsel: unhashable type: 'numpy.ndarray'
[2025-06-20 22:02:46] Besked sendt OK.
[2025-06-20 22:35:20] Sender besked: âŒ Bot FEJLEDE under kÃ¸rsel: only length-1 arrays can be converted to Python scalars
[2025-06-20 22:35:20] Besked sendt OK.
[2025-06-20 22:43:47] Sender besked: âŒ Bot FEJLEDE under kÃ¸rsel: only length-1 arrays can be converted to Python scalars
[2025-06-20 22:43:47] Besked sendt OK.
[2025-06-20 22:50:53] Sender besked: âŒ Bot FEJLEDE under kÃ¸rsel: unhashable type: 'numpy.ndarray'
[2025-06-20 22:50:54] Besked sendt OK.
[2025-06-20 23:00:14] Sender besked: âŒ Bot FEJLEDE under kÃ¸rsel: unhashable type: 'numpy.ndarray'
[2025-06-20 23:00:14] Besked sendt OK.
[2025-06-20 23:10:19] Sender besked: âŒ Bot FEJLEDE under kÃ¸rsel: shape mismatch: objects cannot be broadcast to a single shape.  Mismatch is between arg 2 with shape (15, 3, 3) and arg 3 with shape (15,).
[2025-06-20 23:10:19] Besked sendt OK.
[2025-06-20 23:18:56] Sender besked: âŒ Bot FEJLEDE under kÃ¸rsel: too many indices for array: array is 0-dimensional, but 1 were indexed
[2025-06-20 23:18:56] Besked sendt OK.
[2025-06-20 23:46:11] Sender besked: âŒ Bot FEJLEDE under kÃ¸rsel: ufunc 'absolute' did not contain a loop with signature matching types <class 'numpy.dtypes.StrDType'> -> None
[2025-06-20 23:46:11] Besked sendt OK.
[2025-06-20 23:55:56] Sender besked: âŒ Bot FEJLEDE under kÃ¸rsel: ufunc 'absolute' did not contain a loop with signature matching types <class 'numpy.dtypes.StrDType'> -> None
[2025-06-20 23:55:56] Besked sendt OK.
[2025-06-21 00:02:14] Sender besked: âŒ Bot FEJLEDE under kÃ¸rsel: The feature names should match those that were passed during fit.
Feature names unseen at fit time:
- volume_spike

[2025-06-21 00:02:14] Besked sendt OK.
[2025-06-21 00:09:17] Sender besked: âœ… Backtest for BTC afsluttet!
Mode: Weighted voting
Weights: [1.9637144743512338, 0.3169664184031755, 1.702941580715635]
Threshold: 0.7261630981110665
Profit: 0.45% | Win-rate: 46.7% | Trades: 16

ğŸ“Š Strategi-score:
ML:    {'profit_pct': -1.32, 'win_rate': 0.4615, 'drawdown_pct': -1.32, 'num_trades': 28}
RSI:   {'profit_pct': -0.82, 'win_rate': 0.6364, 'drawdown_pct': -0.82, 'num_trades': 22}
MACD:  {'profit_pct': 0.38, 'win_rate': 0.4375, 'drawdown_pct': -1.19, 'num_trades': 34}
Ensemble: {'profit_pct': 0.45, 'win_rate': 0.4667, 'drawdown_pct': -1.12, 'num_trades': 32}

[2025-06-21 00:09:18] Besked sendt OK.
[2025-06-21 00:09:18] Sender billede: graphs/btc_balance_20250607.png (caption: ğŸ“ˆ Balanceudvikling for BTC)
[2025-06-21 00:09:18] Billede sendt OK.
[2025-06-21 00:09:18] Sender billede: graphs/btc_drawdown_2025-06-07.png (caption: ğŸ“‰ Drawdown for BTC)
[2025-06-21 00:09:18] Billede sendt OK.
[2025-06-21 00:09:18] Sender billede: graphs/strategy_scores_20250621_000916.png (caption: ğŸ“Š Strategi-score ML/RSI/MACD/Ensemble)
[2025-06-21 00:09:18] Billede sendt OK.
[2025-06-21 00:09:18] Sender billede: graphs/feature_importance_ML_20250621_000916.png (caption: ğŸ§  Feature Importance for ML-model)
[2025-06-21 00:09:18] Billede sendt OK.
[2025-06-21 00:09:19] Sender besked: âœ… Bot kÃ¸rte OK og lavede backup: backups\2025-06-21\backup_00-09-18
[2025-06-21 00:09:19] Besked sendt OK.
[2025-06-21 00:39:15] Sender besked: ğŸ“Š Top-5 features (ML):
1. rsi_14_z: 0.0862
2. return: 0.0853
3. volume: 0.0853
4. rsi_14: 0.0838
5. rsi_28_z: 0.0826
[2025-06-21 00:39:15] Besked sendt OK.
[2025-06-21 00:39:16] Sender besked: âœ… Backtest for BTC afsluttet!
Mode: Weighted voting
Weights: [1.9637144743512338, 0.3169664184031755, 1.702941580715635]
Threshold: 0.7261630981110665
Profit: 0.45% | Win-rate: 46.7% | Trades: 16

ğŸ“Š Strategi-score:
ML:    {'profit_pct': -1.32, 'win_rate': 0.4615, 'drawdown_pct': -1.32, 'num_trades': 28}
RSI:   {'profit_pct': -0.82, 'win_rate': 0.6364, 'drawdown_pct': -0.82, 'num_trades': 22}
MACD:  {'profit_pct': 0.38, 'win_rate': 0.4375, 'drawdown_pct': -1.19, 'num_trades': 34}
Ensemble: {'profit_pct': 0.45, 'win_rate': 0.4667, 'drawdown_pct': -1.12, 'num_trades': 32}

[2025-06-21 00:39:16] Besked sendt OK.
[2025-06-21 00:39:16] Sender billede: graphs/btc_balance_20250607.png (caption: ğŸ“ˆ Balanceudvikling for BTC)
[2025-06-21 00:39:17] Billede sendt OK.
[2025-06-21 00:39:17] Sender billede: graphs/btc_drawdown_2025-06-07.png (caption: ğŸ“‰ Drawdown for BTC)
[2025-06-21 00:39:17] Billede sendt OK.
[2025-06-21 00:39:17] Sender billede: graphs/strategy_scores_20250621_003915.png (caption: ğŸ“Š Strategi-score ML/RSI/MACD/Ensemble)
[2025-06-21 00:39:17] Billede sendt OK.
[2025-06-21 00:39:17] Sender billede: graphs/feature_importance_ML_20250621_003915.png (caption: ğŸ§  Feature Importance for ML-model)
[2025-06-21 00:39:17] Billede sendt OK.
[2025-06-21 00:39:17] Sender besked: âœ… Bot kÃ¸rte OK og lavede backup: backups\2025-06-21\backup_00-39-17
[2025-06-21 00:39:17] Besked sendt OK.
[2025-06-21 01:28:27] Sender besked: ğŸ“Š Top-5 features (ML):
1. rsi_14_z: 0.0862
2. return: 0.0853
3. volume: 0.0853
4. rsi_14: 0.0838
5. rsi_28_z: 0.0826
[2025-06-21 01:28:28] Besked sendt OK.
[2025-06-21 01:28:28] Sender besked: âŒ Bot FEJLEDE under kÃ¸rsel: 'regime'
[2025-06-21 01:28:28] Besked sendt OK.
[2025-06-21 01:33:50] Sender besked: ğŸ“Š Top-5 features (ML):
1. rsi_14_z: 0.0862
2. return: 0.0853
3. volume: 0.0853
4. rsi_14: 0.0838
5. rsi_28_z: 0.0826
[2025-06-21 01:33:50] Besked sendt OK.
[2025-06-21 01:33:50] Sender besked: âŒ Bot FEJLEDE under kÃ¸rsel: 'regime'
[2025-06-21 01:33:50] Besked sendt OK.
[2025-06-21 01:37:33] Sender besked: ğŸ“Š Top-5 features (ML):
1. rsi_14_z: 0.0862
2. return: 0.0853
3. volume: 0.0853
4. rsi_14: 0.0838
5. rsi_28_z: 0.0826
[2025-06-21 01:37:33] Besked sendt OK.
[2025-06-21 01:37:33] Sender besked: âŒ Bot FEJLEDE under kÃ¸rsel: 'regime'
[2025-06-21 01:37:33] Besked sendt OK.
[2025-06-21 01:44:15] Sender besked: ğŸ“Š Top-5 features (ML):
1. rsi_14_z: 0.0862
2. return: 0.0853
3. volume: 0.0853
4. rsi_14: 0.0838
5. rsi_28_z: 0.0826
[2025-06-21 01:44:15] Besked sendt OK.
[2025-06-21 01:44:15] Sender besked: âŒ Bot FEJLEDE under kÃ¸rsel: 'regime'
[2025-06-21 01:44:15] Besked sendt OK.
[2025-06-21 01:49:22] Sender besked: ğŸ“Š Top-5 features (ML):
1. rsi_14_z: 0.0862
2. return: 0.0853
3. volume: 0.0853
4. rsi_14: 0.0838
5. rsi_28_z: 0.0826
[2025-06-21 01:49:22] Besked sendt OK.
[2025-06-21 01:49:22] Sender besked: âŒ Bot FEJLEDE under kÃ¸rsel: 'regime'
[2025-06-21 01:49:22] Besked sendt OK.
[2025-06-21 01:53:44] Sender besked: ğŸ“Š Top-5 features (ML):
1. rsi_14_z: 0.0862
2. return: 0.0853
3. volume: 0.0853
4. rsi_14: 0.0838
5. rsi_28_z: 0.0826
[2025-06-21 01:53:44] Besked sendt OK.
[2025-06-21 01:53:44] Sender besked: âŒ Bot FEJLEDE under kÃ¸rsel: 'regime'
[2025-06-21 01:53:44] Besked sendt OK.
[2025-06-21 02:02:25] Sender besked: ğŸ“Š Top-5 features (ML):
1. rsi_14_z: 0.0862
2. return: 0.0853
3. volume: 0.0853
4. rsi_14: 0.0838
5. rsi_28_z: 0.0826
[2025-06-21 02:02:25] Besked sendt OK.
[2025-06-21 02:02:27] Sender besked: âœ… Backtest for BTC afsluttet!
Mode: Weighted voting
Weights: [1.9637144743512338, 0.3169664184031755, 1.702941580715635]
Threshold: 0.7261630981110665
Profit: 0.45% | Win-rate: 46.7% | Trades: 16

ğŸ“Š Strategi-score:
ML:    {'profit_pct': -1.32, 'win_rate': 0.4615, 'drawdown_pct': -1.32, 'num_trades': 28}
RSI:   {'profit_pct': -0.82, 'win_rate': 0.6364, 'drawdown_pct': -0.82, 'num_trades': 22}
MACD:  {'profit_pct': 0.38, 'win_rate': 0.4375, 'drawdown_pct': -1.19, 'num_trades': 34}
Ensemble: {'profit_pct': 0.45, 'win_rate': 0.4667, 'drawdown_pct': -1.12, 'num_trades': 32, 'regime_stats': {}}

[2025-06-21 02:02:27] Besked sendt OK.
[2025-06-21 02:02:27] Sender billede: graphs/btc_balance_20250607.png (caption: ğŸ“ˆ Balanceudvikling for BTC)
[2025-06-21 02:02:27] Billede sendt OK.
[2025-06-21 02:02:27] Sender billede: graphs/btc_drawdown_2025-06-07.png (caption: ğŸ“‰ Drawdown for BTC)
[2025-06-21 02:02:27] Billede sendt OK.
[2025-06-21 02:02:27] Sender billede: graphs/strategy_scores_20250621_020225.png (caption: ğŸ“Š Strategi-score ML/RSI/MACD/Ensemble)
[2025-06-21 02:02:28] Billede sendt OK.
[2025-06-21 02:02:28] Sender billede: graphs/feature_importance_ML_20250621_020225.png (caption: ğŸ§  Feature Importance for ML-model)
[2025-06-21 02:02:28] Billede sendt OK.
[2025-06-21 02:02:28] Sender besked: âœ… Bot kÃ¸rte OK og lavede backup: backups\2025-06-21\backup_02-02-28
[2025-06-21 02:02:28] Besked sendt OK.
[2025-06-21 02:13:12] Sender besked: ğŸ“Š Top-5 features (ML):
1. return_z: 0.1825
2. ema_200: 0.1709
3. macd_z: 0.1669
4. rsi_14_z: 0.1619
5. macd_signal: 0.1608
[2025-06-21 02:13:12] Besked sendt OK.
[2025-06-21 02:13:13] Sender besked: âœ… Backtest for BTC afsluttet!
Mode: Weighted voting
Weights: [1.9637144743512338, 0.3169664184031755, 1.702941580715635]
Threshold: 0.7261630981110665
Profit: 0.38% | Win-rate: 50.0% | Trades: 17

ğŸ“Š Strategi-score:
ML:    {'profit_pct': -1.39, 'win_rate': 0.5, 'drawdown_pct': -1.39, 'num_trades': 30}
RSI:   {'profit_pct': -0.82, 'win_rate': 0.6364, 'drawdown_pct': -0.82, 'num_trades': 22}
MACD:  {'profit_pct': 0.38, 'win_rate': 0.4375, 'drawdown_pct': -1.19, 'num_trades': 34}
Ensemble: {'profit_pct': 0.38, 'win_rate': 0.5, 'drawdown_pct': -1.19, 'num_trades': 34, 'regime_stats': {}}

[2025-06-21 02:13:14] Besked sendt OK.
[2025-06-21 02:13:14] Sender billede: graphs/btc_balance_20250607.png (caption: ğŸ“ˆ Balanceudvikling for BTC)
[2025-06-21 02:13:14] Billede sendt OK.
[2025-06-21 02:13:14] Sender billede: graphs/btc_drawdown_2025-06-07.png (caption: ğŸ“‰ Drawdown for BTC)
[2025-06-21 02:13:14] Billede sendt OK.
[2025-06-21 02:13:14] Sender billede: graphs/strategy_scores_20250621_021312.png (caption: ğŸ“Š Strategi-score ML/RSI/MACD/Ensemble)
[2025-06-21 02:13:14] Billede sendt OK.
[2025-06-21 02:13:14] Sender billede: graphs/feature_importance_ML_20250621_021311.png (caption: ğŸ§  Feature Importance for ML-model)
[2025-06-21 02:13:14] Billede sendt OK.
[2025-06-21 02:13:15] Sender besked: âœ… Bot kÃ¸rte OK og lavede backup: backups\2025-06-21\backup_02-13-14
[2025-06-21 02:13:15] Besked sendt OK.
[2025-06-21 02:17:42] Sender besked: ğŸ“Š Top-5 features (ML):
1. return_z: 0.1825
2. ema_200: 0.1709
3. macd_z: 0.1669
4. rsi_14_z: 0.1619
5. macd_signal: 0.1608
[2025-06-21 02:17:42] Besked sendt OK.
[2025-06-21 02:17:43] Sender besked: ğŸ“Š Performance pr. regime:
bull: Win-rate 0.0%, Profit -1.19%, Trades 14
bear: Win-rate 80.0%, Profit 0.45%, Trades 20
[2025-06-21 02:17:43] Besked sendt OK.
[2025-06-21 02:17:43] Regime-summary sendt.
[2025-06-21 02:17:43] Sender besked: âš ï¸ ADVARSEL: Win-rate lav i regime 'bull': 0.0%
Antal handler: 14 | Profit: -1.19%
[2025-06-21 02:17:43] Besked sendt OK.
[2025-06-21 02:17:43] Regime-advarsel sendt for bull.
[2025-06-21 02:17:44] Sender besked: âœ… Backtest for BTC afsluttet!
Mode: Weighted voting
Weights: [1.9637144743512338, 0.3169664184031755, 1.702941580715635]
Threshold: 0.7261630981110665
Profit: 0.38% | Win-rate: 50.0% | Trades: 17

ğŸ“Š Strategi-score:
ML:    {'profit_pct': -1.39, 'win_rate': 0.5, 'drawdown_pct': -1.39, 'num_trades': 30}
RSI:   {'profit_pct': -0.82, 'win_rate': 0.6364, 'drawdown_pct': -0.82, 'num_trades': 22}
MACD:  {'profit_pct': 0.38, 'win_rate': 0.4375, 'drawdown_pct': -1.19, 'num_trades': 34}
Ensemble: {'profit_pct': 0.38, 'win_rate': 0.5, 'drawdown_pct': -1.19, 'num_trades': 34, 'regime_stats': {'bull': {'num_trades': 14, 'win_rate': 0.0, 'profit_pct': -1.19}, 'bear': {'num_trades': 20, 'win_rate': 0.8, 'profit_pct': 0.45}}}

[2025-06-21 02:17:44] Besked sendt OK.
[2025-06-21 02:17:44] Sender billede: graphs/btc_balance_20250607.png (caption: ğŸ“ˆ Balanceudvikling for BTC)
[2025-06-21 02:17:45] Billede sendt OK.
[2025-06-21 02:17:45] Sender billede: graphs/btc_drawdown_2025-06-07.png (caption: ğŸ“‰ Drawdown for BTC)
[2025-06-21 02:17:45] Billede sendt OK.
[2025-06-21 02:17:45] Sender billede: graphs/strategy_scores_20250621_021743.png (caption: ğŸ“Š Strategi-score ML/RSI/MACD/Ensemble)
[2025-06-21 02:17:45] Billede sendt OK.
[2025-06-21 02:17:45] Sender billede: graphs/feature_importance_ML_20250621_021742.png (caption: ğŸ§  Feature Importance for ML-model)
[2025-06-21 02:17:45] Billede sendt OK.
[2025-06-21 02:17:45] Sender besked: âœ… Bot kÃ¸rte OK og lavede backup: backups\2025-06-21\backup_02-17-45
[2025-06-21 02:17:45] Besked sendt OK.
[2025-06-21 02:33:50] Sender besked: ğŸ“Š Top-5 features (ML):
1. return_z: 0.1825
2. ema_200: 0.1709
3. macd_z: 0.1669
4. rsi_14_z: 0.1619
5. macd_signal: 0.1608
[2025-06-21 02:33:50] Besked sendt OK.
[2025-06-21 02:33:51] Sender besked: ğŸ¤– Adaptiv regime-strategi aktiv!
Aktive regimer: ['bear']
Profit: -0.12% | Win-rate: 54.5% | Trades: 12

[2025-06-21 02:33:51] Besked sendt OK.
[2025-06-21 02:33:52] Sender besked: âœ… Backtest for BTC afsluttet!
Mode: Weighted voting
Weights: [1.9637144743512338, 0.3169664184031755, 1.702941580715635]
Threshold: 0.7261630981110665
Profit: -0.12% | Win-rate: 54.5% | Trades: 12

ğŸ“Š Strategi-score:
ML:    {'profit_pct': -1.39, 'win_rate': 0.5, 'drawdown_pct': -1.39, 'num_trades': 30}
RSI:   {'profit_pct': -0.82, 'win_rate': 0.6364, 'drawdown_pct': -0.82, 'num_trades': 22}
MACD:  {'profit_pct': 0.38, 'win_rate': 0.4375, 'drawdown_pct': -1.19, 'num_trades': 34}
Ensemble: {'profit_pct': 0.38, 'win_rate': 0.5, 'drawdown_pct': -1.19, 'num_trades': 34, 'regime_stats': {'bull': {'num_trades': 14, 'win_rate': 0.0, 'profit_pct': -1.19}, 'bear': {'num_trades': 20, 'win_rate': 0.8, 'profit_pct': 0.45}}}

[2025-06-21 02:33:52] Besked sendt OK.
[2025-06-21 02:33:52] Sender billede: graphs/btc_balance_20250607.png (caption: ğŸ“ˆ Balanceudvikling for BTC)
[2025-06-21 02:33:53] Billede sendt OK.
[2025-06-21 02:33:53] Sender billede: graphs/btc_drawdown_2025-06-07.png (caption: ğŸ“‰ Drawdown for BTC)
[2025-06-21 02:33:53] Billede sendt OK.
[2025-06-21 02:33:53] Sender billede: graphs/strategy_scores_20250621_023351.png (caption: ğŸ“Š Strategi-score ML/RSI/MACD/Ensemble)
[2025-06-21 02:33:53] Billede sendt OK.
[2025-06-21 02:33:53] Sender billede: graphs/feature_importance_ML_20250621_023350.png (caption: ğŸ§  Feature Importance for ML-model)
[2025-06-21 02:33:53] Billede sendt OK.
[2025-06-21 02:33:53] Sender besked: âœ… Bot kÃ¸rte OK og lavede backup: backups\2025-06-21\backup_02-33-53
[2025-06-21 02:33:53] Besked sendt OK.
[2025-06-23 23:07:18] Sender besked: ğŸ“Š Top-5 features (ML):
1. return_z: 0.1825
2. ema_200: 0.1709
3. macd_z: 0.1669
4. rsi_14_z: 0.1619
5. macd_signal: 0.1608
[2025-06-23 23:07:19] Besked sendt OK.
[2025-06-23 23:07:19] Sender besked: ğŸ¤– Adaptiv regime-strategi aktiv!
Aktive regimer: ['bear']
Profit: -0.12% | Win-rate: 54.5% | Trades: 12

[2025-06-23 23:07:19] Besked sendt OK.
[2025-06-23 23:07:21] Sender besked: âœ… Backtest for BTC afsluttet!
Mode: Weighted voting
Weights: [1.9637144743512338, 0.3169664184031755, 1.702941580715635]
Threshold: 0.7261630981110665
Profit: -0.12% | Win-rate: 54.5% | Trades: 12

ğŸ“Š Strategi-score:
ML:    {'profit_pct': -1.39, 'win_rate': 0.5, 'drawdown_pct': -1.39, 'num_trades': 30}
RSI:   {'profit_pct': -0.82, 'win_rate': 0.6364, 'drawdown_pct': -0.82, 'num_trades': 22}
MACD:  {'profit_pct': 0.38, 'win_rate': 0.4375, 'drawdown_pct': -1.19, 'num_trades': 34}
Ensemble: {'profit_pct': 0.38, 'win_rate': 0.5, 'drawdown_pct': -1.19, 'num_trades': 34, 'regime_stats': {'bull': {'num_trades': 14, 'win_rate': 0.0, 'profit_pct': -1.19}, 'bear': {'num_trades': 20, 'win_rate': 0.8, 'profit_pct': 0.45}}}

[2025-06-23 23:07:21] Besked sendt OK.
[2025-06-23 23:07:21] Sender billede: graphs/btc_balance_20250607.png (caption: ğŸ“ˆ Balanceudvikling for BTC)
[2025-06-23 23:07:21] Billede sendt OK.
[2025-06-23 23:07:21] Sender billede: graphs/btc_drawdown_2025-06-07.png (caption: ğŸ“‰ Drawdown for BTC)
[2025-06-23 23:07:21] Billede sendt OK.
[2025-06-23 23:07:21] Sender billede: graphs/strategy_scores_20250623_230719.png (caption: ğŸ“Š Strategi-score ML/RSI/MACD/Ensemble)
[2025-06-23 23:07:21] Billede sendt OK.
[2025-06-23 23:07:21] Sender billede: graphs/feature_importance_ML_20250623_230718.png (caption: ğŸ§  Feature Importance for ML-model)
[2025-06-23 23:07:21] Billede sendt OK.
[2025-06-23 23:07:22] Sender besked: âœ… Bot kÃ¸rte OK og lavede backup: backups\2025-06-23\backup_23-07-21
[2025-06-23 23:07:22] Besked sendt OK.
[2025-06-24 20:11:14] Sender besked: ğŸ“Š Top-5 features (ML):
1. return_z: 0.1825
2. ema_200: 0.1709
3. macd_z: 0.1669
4. rsi_14_z: 0.1619
5. macd_signal: 0.1608
[2025-06-24 20:11:14] Besked sendt OK.
[2025-06-24 20:11:14] Sender besked: ğŸ¤– Adaptiv regime-strategi aktiv!
Aktive regimer: ['bear']
Profit: -0.12% | Win-rate: 54.5% | Trades: 12

[2025-06-24 20:11:14] Besked sendt OK.
[2025-06-24 20:11:16] Sender besked: âœ… Backtest for BTC afsluttet!
Mode: Weighted voting
Weights: [1.9637144743512338, 0.3169664184031755, 1.702941580715635]
Threshold: 0.7261630981110665
Profit: -0.12% | Win-rate: 54.5% | Trades: 12

ğŸ“Š Strategi-score:
ML:    {'profit_pct': -1.39, 'win_rate': 0.5, 'drawdown_pct': -1.39, 'num_trades': 30}
RSI:   {'profit_pct': -0.82, 'win_rate': 0.6364, 'drawdown_pct': -0.82, 'num_trades': 22}
MACD:  {'profit_pct': 0.38, 'win_rate': 0.4375, 'drawdown_pct': -1.19, 'num_trades': 34}
Ensemble: {'profit_pct': 0.38, 'win_rate': 0.5, 'drawdown_pct': -1.19, 'num_trades': 34, 'regime_stats': {'bull': {'num_trades': 14, 'win_rate': 0.0, 'profit_pct': -1.19}, 'bear': {'num_trades': 20, 'win_rate': 0.8, 'profit_pct': 0.45}}}

[2025-06-24 20:11:16] Besked sendt OK.
[2025-06-24 20:11:16] Sender billede: graphs/btc_balance_20250607.png (caption: ğŸ“ˆ Balanceudvikling for BTC)
[2025-06-24 20:11:16] Billede sendt OK.
[2025-06-24 20:11:16] Sender billede: graphs/btc_drawdown_2025-06-07.png (caption: ğŸ“‰ Drawdown for BTC)
[2025-06-24 20:11:16] Billede sendt OK.
[2025-06-24 20:11:16] Sender billede: graphs/strategy_scores_20250624_201114.png (caption: ğŸ“Š Strategi-score ML/RSI/MACD/Ensemble)
[2025-06-24 20:11:16] Billede sendt OK.
[2025-06-24 20:11:16] Sender billede: graphs/feature_importance_ML_20250624_201114.png (caption: ğŸ§  Feature Importance for ML-model)
[2025-06-24 20:11:17] Billede sendt OK.
[2025-06-24 20:21:31] Sender besked: ğŸ“Š Top-5 features (ML):
1. return_z: 0.1825
2. ema_200: 0.1709
3. macd_z: 0.1669
4. rsi_14_z: 0.1619
5. macd_signal: 0.1608
[2025-06-24 20:21:31] Besked sendt OK.
[2025-06-24 20:21:31] Sender besked: ğŸ¤– Adaptiv regime-strategi aktiv!
Aktive regimer: ['bear']
Profit: -0.12% | Win-rate: 54.5% | Trades: 12

[2025-06-24 20:21:31] Besked sendt OK.
[2025-06-24 20:21:33] Sender besked: âœ… Backtest for BTC afsluttet!
Mode: Weighted voting
Weights: [1.9637144743512338, 0.3169664184031755, 1.702941580715635]
Threshold: 0.7261630981110665
Profit: -0.12% | Win-rate: 54.5% | Trades: 12

ğŸ“Š Strategi-score:
ML:    {'profit_pct': -1.39, 'win_rate': 0.5, 'drawdown_pct': -1.39, 'num_trades': 30}
RSI:   {'profit_pct': -0.82, 'win_rate': 0.6364, 'drawdown_pct': -0.82, 'num_trades': 22}
MACD:  {'profit_pct': 0.38, 'win_rate': 0.4375, 'drawdown_pct': -1.19, 'num_trades': 34}
Ensemble: {'profit_pct': 0.38, 'win_rate': 0.5, 'drawdown_pct': -1.19, 'num_trades': 34, 'regime_stats': {'bull': {'num_trades': 14, 'win_rate': 0.0, 'profit_pct': -1.19}, 'bear': {'num_trades': 20, 'win_rate': 0.8, 'profit_pct': 0.45}}}

[2025-06-24 20:21:33] Besked sendt OK.
[2025-06-24 20:21:33] Sender billede: graphs/btc_balance_20250607.png (caption: ğŸ“ˆ Balanceudvikling for BTC)
[2025-06-24 20:21:33] Billede sendt OK.
[2025-06-24 20:21:33] Sender billede: graphs/btc_drawdown_2025-06-07.png (caption: ğŸ“‰ Drawdown for BTC)
[2025-06-24 20:21:33] Billede sendt OK.
[2025-06-24 20:21:33] Sender billede: graphs/strategy_scores_20250624_202131.png (caption: ğŸ“Š Strategi-score ML/RSI/MACD/Ensemble)
[2025-06-24 20:21:34] Billede sendt OK.
[2025-06-24 20:21:34] Sender billede: graphs/feature_importance_ML_20250624_202131.png (caption: ğŸ§  Feature Importance for ML-model)
[2025-06-24 20:21:34] Billede sendt OK.
[2025-06-24 20:32:12] Sender besked: âŒ Fejl i <lambda>: 'regime'
Traceback:
Traceback (most recent call last):
  File "C:\Users\reno_\Desktop\ai_trading_core\.venv\Lib\site-packages\pandas\core\indexes\base.py", line 3805, in get_loc
    return self._engine.get_loc(casted_key)
           ^^^^^^^^^^^^^^^^^^^^^^^^^^^^^^^^
  File "index.pyx", line 167, in pandas._libs.index.IndexEngine.get_loc
  File "index.pyx", line 196, in pandas._libs.index.IndexEngine.get_loc
  File "pandas\\_libs\\hashtable_class_helper.pxi", line 7081, in pandas._libs.hashtable.PyObjectHashTable.get_item
  File "pandas\\_libs\\hashtable_class_helper.pxi", line 7089, in pandas._libs.hashtable.PyObjectHashTable.get_item
KeyError: 'regime'

The above exception was the direct cause of the following exception:

Traceback (most recent call last):
  File "C:\Users\reno_\Desktop\ai_trading_core\utils\robust_utils.py", line 22, in safe_run
    return func(*args, **kwargs)
           ^^^^^^^^^^^^^^^^^^^^^
  File "C:\Users\reno_\Desktop\ai_trading_core\bot\engine.py", line 231, in <lambda>
    safe_run(lambda: main(threshold=threshold, weights=weights))
                     ^^^^^^^^^^^^^^^^^^^^^^^^^^^^^^^^^^^^^^^^^^
  File "C:\Users\reno_\Desktop\ai_trading_core\bot\engine.py", line 95, in main
    print("Regime-vÃ¦rdier i df:", df["regime"].value_counts(dropna=False).to_dict())
                                  ~~^^^^^^^^^^
  File "C:\Users\reno_\Desktop\ai_trading_core\.venv\Lib\site-packages\pandas\core\frame.py", line 4102, in __getitem__
    indexer = self.columns.get_loc(key)
              ^^^^^^^^^^^^^^^^^^^^^^^^^
  File "C:\Users\reno_\Desktop\ai_trading_core\.venv\Lib\site-packages\pandas\core\indexes\base.py", line 3812, in get_loc
    raise KeyError(key) from err
KeyError: 'regime'

[2025-06-24 20:32:12] Besked sendt OK.
[2025-06-24 20:49:18] Sender besked: âŒ Fejl i <lambda>: 'target'
Traceback:
Traceback (most recent call last):
  File "C:\Users\reno_\Desktop\ai_trading_core\.venv\Lib\site-packages\pandas\core\indexes\base.py", line 3805, in get_loc
    return self._engine.get_loc(casted_key)
           ^^^^^^^^^^^^^^^^^^^^^^^^^^^^^^^^
  File "index.pyx", line 167, in pandas._libs.index.IndexEngine.get_loc
  File "index.pyx", line 196, in pandas._libs.index.IndexEngine.get_loc
  File "pandas\\_libs\\hashtable_class_helper.pxi", line 7081, in pandas._libs.hashtable.PyObjectHashTable.get_item
  File "pandas\\_libs\\hashtable_class_helper.pxi", line 7089, in pandas._libs.hashtable.PyObjectHashTable.get_item
KeyError: 'target'

The above exception was the direct cause of the following exception:

Traceback (most recent call last):
  File "C:\Users\reno_\Desktop\ai_trading_core\utils\robust_utils.py", line 22, in safe_run
    return func(*args, **kwargs)
           ^^^^^^^^^^^^^^^^^^^^^
  File "C:\Users\reno_\Desktop\ai_trading_core\bot\engine.py", line 231, in <lambda>
    safe_run(lambda: main(threshold=threshold, weights=weights))
                     ^^^^^^^^^^^^^^^^^^^^^^^^^^^^^^^^^^^^^^^^^^
  File "C:\Users\reno_\Desktop\ai_trading_core\bot\engine.py", line 99, in main
    model, model_path, feature_cols = train_model(df)
                                      ^^^^^^^^^^^^^^^
  File "C:\Users\reno_\Desktop\ai_trading_core\models\model_training.py", line 254, in train_model
    y = df[target_col]
        ~~^^^^^^^^^^^^
  File "C:\Users\reno_\Desktop\ai_trading_core\.venv\Lib\site-packages\pandas\core\frame.py", line 4102, in __getitem__
    indexer = self.columns.get_loc(key)
              ^^^^^^^^^^^^^^^^^^^^^^^^^
  File "C:\Users\reno_\Desktop\ai_trading_core\.venv\Lib\site-packages\pandas\core\indexes\base.py", line 3812, in get_loc
    raise KeyError(key) from err
KeyError: 'target'

[2025-06-24 20:49:18] Besked sendt OK.
[2025-06-24 20:56:05] Sender besked: âŒ Fejl i <lambda>: Additivity check failed in TreeExplainer! Please ensure the data matrix you passed to the explainer is the same shape that the model was trained on. If your data shape is correct then please report this on GitHub. This check failed because for one of the samples the sum of the SHAP values was 0.310100, while the model output was 0.320000. If this difference is acceptable you can set check_additivity=False to disable this check.
Traceback:
Traceback (most recent call last):
  File "C:\Users\reno_\Desktop\ai_trading_core\utils\robust_utils.py", line 22, in safe_run
    return func(*args, **kwargs)
           ^^^^^^^^^^^^^^^^^^^^^
  File "C:\Users\reno_\Desktop\ai_trading_core\bot\engine.py", line 231, in <lambda>
    safe_run(lambda: main(threshold=threshold, weights=weights))
                     ^^^^^^^^^^^^^^^^^^^^^^^^^^^^^^^^^^^^^^^^^^
  File "C:\Users\reno_\Desktop\ai_trading_core\bot\engine.py", line 99, in main
    model, model_path, feature_cols = train_model(df)
                                      ^^^^^^^^^^^^^^^
  File "C:\Users\reno_\Desktop\ai_trading_core\models\model_training.py", line 280, in train_model
    new_model, selected_features, *_ = run_feature_importance_and_selection(
                                       ^^^^^^^^^^^^^^^^^^^^^^^^^^^^^^^^^^^^^
  File "C:\Users\reno_\Desktop\ai_trading_core\models\model_training.py", line 199, in run_feature_importance_and_selection
    shap_names, shap_scores = calculate_shap_importance(model, X_val)
                              ^^^^^^^^^^^^^^^^^^^^^^^^^^^^^^^^^^^^^^^
  File "C:\Users\reno_\Desktop\ai_trading_core\models\model_training.py", line 133, in calculate_shap_importance
    shap_values = explainer(X_val)
                  ^^^^^^^^^^^^^^^^
  File "C:\Users\reno_\Desktop\ai_trading_core\.venv\Lib\site-packages\shap\explainers\_tree.py", line 262, in __call__
    v = self.shap_values(X, y=y, from_call=True, check_additivity=check_additivity, approximate=self.approximate)
        ^^^^^^^^^^^^^^^^^^^^^^^^^^^^^^^^^^^^^^^^^^^^^^^^^^^^^^^^^^^^^^^^^^^^^^^^^^^^^^^^^^^^^^^^^^^^^^^^^^^^^^^^^
  File "C:\Users\reno_\Desktop\ai_trading_core\.venv\Lib\site-packages\shap\explainers\_tree.py", line 510, in shap_values
    self.assert_additivity(out, self.model.predict(X))
  File "C:\Users\reno_\Desktop\ai_trading_core\.venv\Lib\site-packages\shap\explainers\_tree.py", line 678, in assert_additivity
    check_sum(self.expected_value[i] + phi[i].sum(-1), model_output[:,i])
  File "C:\Users\reno_\Desktop\ai_trading_core\.venv\Lib\site-packages\shap\explainers\_tree.py", line 674, in check_sum
    raise ExplainerError(err_msg)
shap.utils._exceptions.ExplainerError: Additivity check failed in TreeExplainer! Please ensure the data matrix you passed to the explainer is the same shape that the model was trained on. If your data shape is correct then please report this on GitHub. This check failed because for one of the samples the sum of the SHAP values was 0.310100, while the model output was 0.320000. If this difference is acceptable you can set check_additivity=False to disable this check.

[2025-06-24 20:56:05] Besked sendt OK.
[2025-06-24 21:04:04] Sender besked: ğŸ“Š Top-5 features (ML):
1. low: 0.1967
2. macd_signal: 0.1769
3. ema_21: 0.1767
4. macd: 0.1721
5. ema_50: 0.1556
[2025-06-24 21:04:04] Besked sendt OK.
[2025-06-24 21:04:05] Sender besked: ğŸ¤– Adaptiv regime-strategi aktiv!
Aktive regimer: ['bull']
Profit: 0.38% | Win-rate: 33.3% | Trades: 7

[2025-06-24 21:04:05] Besked sendt OK.
[2025-06-24 21:04:06] Sender besked: âœ… Backtest for BTC afsluttet!
Mode: Weighted voting
Weights: [1.9637144743512338, 0.3169664184031755, 1.702941580715635]
Threshold: 0.7261630981110665
Profit: 0.38% | Win-rate: 33.3% | Trades: 7

ğŸ“Š Strategi-score:
ML:    {'profit_pct': -0.07, 'win_rate': 0.3846, 'drawdown_pct': -0.97, 'num_trades': 28}
RSI:   {'profit_pct': -0.6, 'win_rate': 0.375, 'drawdown_pct': -0.6, 'num_trades': 16}
MACD:  {'profit_pct': -0.82, 'win_rate': 0.3077, 'drawdown_pct': -0.97, 'num_trades': 28}
Ensemble: {'profit_pct': -0.82, 'win_rate': 0.3846, 'drawdown_pct': -0.97, 'num_trades': 28, 'regime_stats': {'bear': {'num_trades': 20, 'win_rate': 0.2222, 'profit_pct': -0.82}, 'bull': {'num_trades': 8, 'win_rate': 0.75, 'profit_pct': -0.3}}}

[2025-06-24 21:04:06] Besked sendt OK.
[2025-06-24 21:04:06] Sender billede: graphs/btc_balance_20250624.png (caption: ğŸ“ˆ Balanceudvikling for BTC)
[2025-06-24 21:04:06] Billede sendt OK.
[2025-06-24 21:04:06] Sender billede: graphs/btc_drawdown_2025-06-24.png (caption: ğŸ“‰ Drawdown for BTC)
[2025-06-24 21:04:07] Billede sendt OK.
[2025-06-24 21:04:07] Sender billede: graphs/strategy_scores_20250624_210405.png (caption: ğŸ“Š Strategi-score ML/RSI/MACD/Ensemble)
[2025-06-24 21:04:07] Billede sendt OK.
[2025-06-24 21:04:07] Sender billede: graphs/feature_importance_ML_20250624_210404.png (caption: ğŸ§  Feature Importance for ML-model)
[2025-06-24 21:04:07] Billede sendt OK.
